<?xml version="1.0" encoding="UTF-8"?>
<!-- Generated by org.testng.reporters.JUnitReportReporter -->
<testsuite skipped="0" hostname="tyss-ThinkCentre-M700z" name="generic.ExtentReport" tests="1" failures="0" timestamp="22 Nov 2018 10:09:52 GMT" time="0.462" errors="0">
  <testcase name="extent" time="0.462" classname="generic.ExtentReport"/>
</testsuite> <!-- generic.ExtentReport -->
