<?xml version="1.0" encoding="UTF-8"?>
<!-- Generated by org.testng.reporters.JUnitReportReporter -->
<testsuite skipped="0" hostname="tyss-ThinkCentre-M700z" name="pack1.HosaClass" tests="1" failures="0" timestamp="22 Nov 2018 10:09:13 GMT" time="0.499" errors="0">
  <testcase name="hosa" time="0.499" classname="pack1.HosaClass"/>
</testsuite> <!-- pack1.HosaClass -->
